[2022-08-04T20:18:00.102] [TRACE] default - twitch chat client initialized
[2022-08-04T20:18:00.198] [TRACE] default - basic model path: C:\Projects\SocialAdventure\model
[2022-08-04T20:18:00.198] [TRACE] default - basic migration path: C:\Projects\SocialAdventure\database\migrations
[2022-08-04T20:18:00.213] [TRACE] default - Execution Path: C:\Projects\SocialAdventure
[2022-08-04T20:18:00.216] [INFO] default - HTTP Server listening on port 80
[2022-08-04T20:18:00.924] [TRACE] default - add Migration update_001
[2022-08-04T20:18:01.900] [TRACE] default - add Node craffelmat
[2022-08-04T20:18:01.901] [TRACE] default - node connected: craffelmat
[2022-08-04T20:18:11.847] [TRACE] default - GET item
[2022-08-04T20:28:13.263] [TRACE] default - twitch chat client initialized
[2022-08-04T20:28:13.368] [TRACE] default - basic model path: C:\Projects\SocialAdventure\model
[2022-08-04T20:28:13.369] [TRACE] default - basic migration path: C:\Projects\SocialAdventure\database\migrations
[2022-08-04T20:28:13.386] [TRACE] default - Execution Path: C:\Projects\SocialAdventure
[2022-08-04T20:28:13.390] [INFO] default - HTTP Server listening on port 80
[2022-08-04T20:28:14.044] [TRACE] default - add Migration update_001
[2022-08-04T20:28:15.036] [TRACE] default - add Node craffelmat
[2022-08-04T20:28:15.038] [TRACE] default - node connected: craffelmat
[2022-08-04T20:28:56.668] [TRACE] default - GET item
[2022-08-04T20:29:09.262] [TRACE] default - GET heroinventory
[2022-08-04T20:33:28.725] [TRACE] default - GET translation
[2022-08-04T20:33:28.727] [TRACE] default - GET translation
[2022-08-04T20:33:28.734] [TRACE] default - GET menu
[2022-08-04T20:34:15.980] [TRACE] default - twitch chat client initialized
[2022-08-04T20:34:16.077] [TRACE] default - basic model path: C:\Projects\SocialAdventure\model
[2022-08-04T20:34:16.077] [TRACE] default - basic migration path: C:\Projects\SocialAdventure\database\migrations
[2022-08-04T20:34:16.093] [TRACE] default - Execution Path: C:\Projects\SocialAdventure
[2022-08-04T20:34:16.095] [INFO] default - HTTP Server listening on port 80
[2022-08-04T20:34:16.705] [TRACE] default - add Migration update_001
[2022-08-04T20:34:17.681] [TRACE] default - add Node craffelmat
[2022-08-04T20:34:17.682] [TRACE] default - node connected: craffelmat
[2022-08-04T20:34:25.934] [TRACE] default - GET translation
[2022-08-04T20:34:25.939] [TRACE] default - GET translation
[2022-08-04T20:34:25.947] [TRACE] default - GET menu
[2022-08-04T20:36:41.008] [TRACE] default - twitch chat client initialized
[2022-08-04T20:36:41.096] [TRACE] default - basic model path: C:\Projects\SocialAdventure\model
[2022-08-04T20:36:41.096] [TRACE] default - basic migration path: C:\Projects\SocialAdventure\database\migrations
[2022-08-04T20:36:41.115] [TRACE] default - Execution Path: C:\Projects\SocialAdventure
[2022-08-04T20:36:41.118] [INFO] default - HTTP Server listening on port 80
[2022-08-04T20:36:41.198] [ERROR] default - Error
    at Database.<anonymous> (C:\Projects\SocialAdventure\node_modules\sequelize\lib\dialects\sqlite\query.js:179:27)
    at C:\Projects\SocialAdventure\node_modules\sequelize\lib\dialects\sqlite\query.js:177:50
    at new Promise (<anonymous>)
    at Query.run (C:\Projects\SocialAdventure\node_modules\sequelize\lib\dialects\sqlite\query.js:177:12)
    at C:\Projects\SocialAdventure\node_modules\sequelize\lib\sequelize.js:311:28
    at async SQLiteQueryInterface.bulkUpdate (C:\Projects\SocialAdventure\node_modules\sequelize\lib\dialects\abstract\query-interface.js:366:12)
    at async Function.update (C:\Projects\SocialAdventure\node_modules\sequelize\lib\model.js:1958:28) {
  name: 'SequelizeDatabaseError',
  parent: [Error: SQLITE_ERROR: no such column: parentEndpoint] {
    errno: 1,
    code: 'SQLITE_ERROR',
    sql: 'UPDATE `menu` SET `endpoint`=$1,`name`=$2,`order`=$3,`parentEndpoint`=$4,`updatedAt`=$5 WHERE `endpoint` = $6'
  },
  original: [Error: SQLITE_ERROR: no such column: parentEndpoint] {
    errno: 1,
    code: 'SQLITE_ERROR',
    sql: 'UPDATE `menu` SET `endpoint`=$1,`name`=$2,`order`=$3,`parentEndpoint`=$4,`updatedAt`=$5 WHERE `endpoint` = $6'
  },
  sql: 'UPDATE `menu` SET `endpoint`=$1,`name`=$2,`order`=$3,`parentEndpoint`=$4,`updatedAt`=$5 WHERE `endpoint` = $6',
  parameters: {}
}
[2022-08-04T20:36:41.600] [TRACE] default - add Migration update_001
[2022-08-04T20:36:42.585] [TRACE] default - add Node craffelmat
[2022-08-04T20:36:42.586] [TRACE] default - node connected: craffelmat
[2022-08-04T20:36:48.213] [TRACE] default - GET translation
[2022-08-04T20:36:48.216] [TRACE] default - GET translation
[2022-08-04T20:36:48.223] [TRACE] default - GET menu
[2022-08-04T20:37:19.378] [TRACE] default - twitch chat client initialized
[2022-08-04T20:37:19.467] [TRACE] default - basic model path: C:\Projects\SocialAdventure\model
[2022-08-04T20:37:19.467] [TRACE] default - basic migration path: C:\Projects\SocialAdventure\database\migrations
[2022-08-04T20:37:19.482] [TRACE] default - Execution Path: C:\Projects\SocialAdventure
[2022-08-04T20:37:19.485] [INFO] default - HTTP Server listening on port 80
[2022-08-04T20:37:20.205] [TRACE] default - add Migration update_001
[2022-08-04T20:37:21.176] [TRACE] default - add Node craffelmat
[2022-08-04T20:37:21.177] [TRACE] default - node connected: craffelmat
[2022-08-04T20:37:30.050] [TRACE] default - GET translation
[2022-08-04T20:37:30.053] [TRACE] default - GET translation
[2022-08-04T20:37:30.060] [TRACE] default - GET menu
[2022-08-04T20:39:19.734] [TRACE] default - twitch chat client initialized
[2022-08-04T20:39:19.824] [TRACE] default - basic model path: C:\Projects\SocialAdventure\model
[2022-08-04T20:39:19.824] [TRACE] default - basic migration path: C:\Projects\SocialAdventure\database\migrations
[2022-08-04T20:39:19.839] [TRACE] default - Execution Path: C:\Projects\SocialAdventure
[2022-08-04T20:39:19.841] [INFO] default - HTTP Server listening on port 80
[2022-08-04T20:39:20.499] [TRACE] default - add Migration update_001
[2022-08-04T20:39:21.457] [TRACE] default - add Node craffelmat
[2022-08-04T20:39:21.458] [TRACE] default - node connected: craffelmat
[2022-08-04T20:40:13.665] [TRACE] default - twitch chat client initialized
[2022-08-04T20:40:13.761] [TRACE] default - basic model path: C:\Projects\SocialAdventure\model
[2022-08-04T20:40:13.761] [TRACE] default - basic migration path: C:\Projects\SocialAdventure\database\migrations
[2022-08-04T20:40:13.775] [TRACE] default - Execution Path: C:\Projects\SocialAdventure
[2022-08-04T20:40:13.778] [INFO] default - HTTP Server listening on port 80
[2022-08-04T20:40:14.446] [TRACE] default - add Migration update_001
[2022-08-04T20:40:15.397] [TRACE] default - add Node craffelmat
[2022-08-04T20:40:15.398] [TRACE] default - node connected: craffelmat
[2022-08-04T20:40:41.191] [TRACE] default - twitch chat client initialized
[2022-08-04T20:40:41.282] [TRACE] default - basic model path: C:\Projects\SocialAdventure\model
[2022-08-04T20:40:41.283] [TRACE] default - basic migration path: C:\Projects\SocialAdventure\database\migrations
[2022-08-04T20:40:41.298] [TRACE] default - Execution Path: C:\Projects\SocialAdventure
[2022-08-04T20:40:41.301] [INFO] default - HTTP Server listening on port 80
[2022-08-04T20:40:41.979] [TRACE] default - add Migration update_001
[2022-08-04T20:40:42.961] [TRACE] default - add Node craffelmat
[2022-08-04T20:40:42.962] [TRACE] default - node connected: craffelmat
[2022-08-04T20:40:43.489] [ERROR] default - Error
    at Database.<anonymous> (C:\Projects\SocialAdventure\node_modules\sequelize\lib\dialects\sqlite\query.js:179:27)
    at C:\Projects\SocialAdventure\node_modules\sequelize\lib\dialects\sqlite\query.js:177:50
    at new Promise (<anonymous>)
    at Query.run (C:\Projects\SocialAdventure\node_modules\sequelize\lib\dialects\sqlite\query.js:177:12)
    at C:\Projects\SocialAdventure\node_modules\sequelize\lib\sequelize.js:311:28
    at async SQLiteQueryInterface.insert (C:\Projects\SocialAdventure\node_modules\sequelize\lib\dialects\abstract\query-interface.js:308:21)
    at async model.save (C:\Projects\SocialAdventure\node_modules\sequelize\lib\model.js:2432:35)
    at async Function.create (C:\Projects\SocialAdventure\node_modules\sequelize\lib\model.js:1344:12) {
  name: 'SequelizeForeignKeyConstraintError',
  parent: [Error: SQLITE_CONSTRAINT: FOREIGN KEY constraint failed] {
    errno: 19,
    code: 'SQLITE_CONSTRAINT',
    sql: 'INSERT INTO `heroInventory` (`itemHandle`,`heroName`,`quantity`,`isReload`,`createdAt`,`updatedAt`) VALUES ($1,$2,$3,$4,$5,$6);'
  },
  original: [Error: SQLITE_CONSTRAINT: FOREIGN KEY constraint failed] {
    errno: 19,
    code: 'SQLITE_CONSTRAINT',
    sql: 'INSERT INTO `heroInventory` (`itemHandle`,`heroName`,`quantity`,`isReload`,`createdAt`,`updatedAt`) VALUES ($1,$2,$3,$4,$5,$6);'
  },
  sql: 'INSERT INTO `heroInventory` (`itemHandle`,`heroName`,`quantity`,`isReload`,`createdAt`,`updatedAt`) VALUES ($1,$2,$3,$4,$5,$6);',
  parameters: {},
  table: undefined,
  fields: undefined,
  value: undefined,
  index: undefined,
  reltype: undefined
}
[2022-08-04T20:41:11.276] [TRACE] default - twitch chat client initialized
[2022-08-04T20:41:11.367] [TRACE] default - basic model path: C:\Projects\SocialAdventure\model
[2022-08-04T20:41:11.367] [TRACE] default - basic migration path: C:\Projects\SocialAdventure\database\migrations
[2022-08-04T20:41:11.384] [TRACE] default - Execution Path: C:\Projects\SocialAdventure
[2022-08-04T20:41:11.386] [INFO] default - HTTP Server listening on port 80
[2022-08-04T20:41:12.042] [TRACE] default - add Migration update_001
[2022-08-04T20:41:13.122] [TRACE] default - add Node craffelmat
[2022-08-04T20:41:13.123] [TRACE] default - node connected: craffelmat
[2022-08-04T20:41:28.809] [TRACE] default - GET translation
[2022-08-04T20:41:28.812] [TRACE] default - GET translation
[2022-08-04T20:41:28.820] [TRACE] default - GET menu
[2022-08-04T20:41:28.836] [TRACE] default - GET twitch
[2022-08-04T20:41:34.218] [TRACE] default - {
  url_authorize: 'https://id.twitch.tv/oauth2/authorize',
  url_token: 'https://id.twitch.tv/oauth2/token',
  url_base: 'https://api.twitch.tv/helix',
  client_id: '9azszz1fb1jzcbvirxf8qxh7nybgez',
  client_secret: 'pyjnyw1de8y77lx3wds1joy54nx5wn',
  redirect_uri: 'http://localhost/twitch',
  redirect_uri_echtsystem: 'https://craffel.de/twitch',
  response_type: 'code',
  scope: 'chat:read user:read:email',
  state: 'craffel',
  grant_type: 'authorization_code',
  refresh_type: 'refresh_token'
}
[2022-08-04T20:41:35.163] [TRACE] default - {
  access_token: 'whkt89h3a18bhf85kia8yi44avairi',
  expires_in: 13927,
  refresh_token: 'bc9mmoxwxha5ykvhg08np1lpcc0exjehmvsgbhxwso7haqyfmr',
  scope: [ 'chat:read', 'user:read:email' ],
  token_type: 'bearer'
}
[2022-08-04T20:41:35.411] [TRACE] default - {
  id: '440371621',
  login: 'craffel',
  display_name: 'craffel',
  type: '',
  broadcaster_type: 'affiliate',
  description: 'Ups, hallo edler Zuschauer, du hast sicher eine professionelle Biographie erwartet mit höhen und tiefen? *super mega professionelle und garnicht geschöne Biographie von mir*Kurzfassung: Programmierhase auf Abwegen kommt aus den Keller um dich zu unterhalten! ',
  profile_image_url: 'https://static-cdn.jtvnw.net/jtv_user_pictures/77498aca-4c52-4d13-9ede-9a99a1d88d64-profile_image-300x300.png',
  offline_image_url: '',
  view_count: 21997,
  email: 'rosbund.gaming@gmail.com',
  created_at: '2019-06-07T18:38:13Z'
}
[2022-08-04T20:41:35.838] [TRACE] default - GET translation
[2022-08-04T20:41:35.841] [TRACE] default - GET translation
[2022-08-04T20:41:35.849] [TRACE] default - GET menu
[2022-08-04T20:41:35.860] [TRACE] default - GET twitch
[2022-08-04T20:41:36.991] [TRACE] default - GET translation
[2022-08-04T20:41:36.992] [TRACE] default - GET translation
[2022-08-04T20:41:36.998] [TRACE] default - GET menu
[2022-08-04T20:41:37.001] [TRACE] default - GET node
[2022-08-04T20:41:37.009] [TRACE] default - GET twitch
[2022-08-04T20:41:41.749] [TRACE] default - GET translation
[2022-08-04T20:41:41.751] [TRACE] default - GET translation
[2022-08-04T20:41:41.757] [TRACE] default - GET menu
[2022-08-04T20:41:41.765] [TRACE] default - GET twitch
[2022-08-04T20:41:43.099] [TRACE] default - GET translation
[2022-08-04T20:41:43.101] [TRACE] default - GET translation
[2022-08-04T20:41:43.107] [TRACE] default - GET menu
[2022-08-04T20:41:43.116] [TRACE] default - GET twitch
[2022-08-04T20:41:44.385] [TRACE] default - GET translation
[2022-08-04T20:41:44.386] [TRACE] default - GET translation
[2022-08-04T20:41:44.392] [TRACE] default - GET menu
[2022-08-04T20:41:44.395] [TRACE] default - GET level
[2022-08-04T20:41:44.405] [TRACE] default - GET twitch
[2022-08-04T20:41:45.364] [TRACE] default - GET translation
[2022-08-04T20:41:45.366] [TRACE] default - GET translation
[2022-08-04T20:41:45.371] [TRACE] default - GET menu
[2022-08-04T20:41:45.373] [TRACE] default - GET say
[2022-08-04T20:41:45.382] [TRACE] default - GET twitch
[2022-08-04T20:41:46.211] [TRACE] default - GET translation
[2022-08-04T20:41:46.213] [TRACE] default - GET translation
[2022-08-04T20:41:46.219] [TRACE] default - GET menu
[2022-08-04T20:41:46.228] [TRACE] default - GET twitch
[2022-08-04T20:41:48.445] [TRACE] default - GET translation
[2022-08-04T20:41:48.447] [TRACE] default - GET translation
[2022-08-04T20:41:48.453] [TRACE] default - GET menu
[2022-08-04T20:41:48.455] [TRACE] default - GET level
[2022-08-04T20:41:48.463] [TRACE] default - GET twitch
[2022-08-04T20:43:13.462] [TRACE] default - twitch chat client initialized
[2022-08-04T20:43:13.548] [TRACE] default - basic model path: C:\Projects\SocialAdventure\model
[2022-08-04T20:43:13.549] [TRACE] default - basic migration path: C:\Projects\SocialAdventure\database\migrations
[2022-08-04T20:43:13.565] [TRACE] default - Execution Path: C:\Projects\SocialAdventure
[2022-08-04T20:43:13.568] [INFO] default - HTTP Server listening on port 80
[2022-08-04T20:43:14.169] [TRACE] default - add Migration update_001
[2022-08-04T20:43:15.153] [TRACE] default - add Node craffelmat
[2022-08-04T20:43:15.154] [TRACE] default - node connected: craffelmat
[2022-08-04T20:46:07.505] [TRACE] default - GET translation
[2022-08-04T20:46:07.508] [TRACE] default - GET translation
[2022-08-04T20:46:07.524] [TRACE] default - GET menu
[2022-08-04T20:46:07.539] [TRACE] default - GET twitch
[2022-08-04T20:47:32.028] [TRACE] default - GET translation
[2022-08-04T20:47:32.030] [TRACE] default - GET translation
[2022-08-04T20:47:32.036] [TRACE] default - GET menu
[2022-08-04T20:47:32.039] [TRACE] default - GET item
[2022-08-04T20:47:32.049] [TRACE] default - GET twitch
[2022-08-04T20:47:54.224] [TRACE] default - GET translation
[2022-08-04T20:47:54.226] [TRACE] default - GET translation
[2022-08-04T20:47:54.233] [TRACE] default - GET menu
[2022-08-04T20:47:54.235] [TRACE] default - GET item
[2022-08-04T20:47:54.392] [TRACE] default - GET twitch
[2022-08-04T20:52:13.807] [TRACE] default - GET translation
[2022-08-04T20:52:13.810] [TRACE] default - GET translation
[2022-08-04T20:52:13.816] [TRACE] default - GET menu
[2022-08-04T20:52:13.825] [TRACE] default - GET twitch
[2022-08-04T20:52:19.097] [TRACE] default - GET translation
[2022-08-04T20:52:19.100] [TRACE] default - GET translation
[2022-08-04T20:52:19.111] [TRACE] default - GET menu
[2022-08-04T20:52:19.121] [TRACE] default - GET twitch
[2022-08-04T20:57:02.393] [TRACE] default - GET translation
[2022-08-04T20:57:02.395] [TRACE] default - GET translation
[2022-08-04T20:57:02.401] [TRACE] default - GET menu
[2022-08-04T20:57:02.403] [TRACE] default - GET hero
[2022-08-04T20:57:02.414] [TRACE] default - GET twitch
[2022-08-04T20:57:37.002] [TRACE] default - GET translation
[2022-08-04T20:57:37.004] [TRACE] default - GET translation
[2022-08-04T20:57:37.017] [TRACE] default - GET menu
[2022-08-04T20:57:37.022] [TRACE] default - GET hero
[2022-08-04T20:57:37.035] [TRACE] default - GET twitch
[2022-08-04T21:09:25.042] [TRACE] default - twitch chat client initialized
[2022-08-04T21:09:25.156] [TRACE] default - basic model path: C:\Projects\SocialAdventure\model
[2022-08-04T21:09:25.156] [TRACE] default - basic migration path: C:\Projects\SocialAdventure\database\migrations
[2022-08-04T21:09:25.171] [TRACE] default - Execution Path: C:\Projects\SocialAdventure
[2022-08-04T21:09:25.174] [INFO] default - HTTP Server listening on port 80
[2022-08-04T21:09:25.882] [TRACE] default - add Migration update_001
[2022-08-04T21:09:26.862] [TRACE] default - add Node craffelmat
[2022-08-04T21:09:26.864] [TRACE] default - node connected: craffelmat
[2022-08-04T21:09:38.920] [TRACE] default - GET translation
[2022-08-04T21:09:38.929] [TRACE] default - GET menu
[2022-08-04T21:09:38.942] [TRACE] default - GET twitch
[2022-08-04T21:09:42.866] [TRACE] default - GET translation
[2022-08-04T21:09:42.868] [TRACE] default - GET translation
[2022-08-04T21:09:42.874] [TRACE] default - GET menu
[2022-08-04T21:09:42.876] [TRACE] default - GET node
[2022-08-04T21:09:42.884] [TRACE] default - GET twitch
[2022-08-04T21:09:44.573] [TRACE] default - GET translation
[2022-08-04T21:09:44.578] [TRACE] default - GET menu
[2022-08-04T21:09:44.587] [TRACE] default - GET twitch
[2022-08-04T21:10:04.996] [TRACE] default - GET translation
[2022-08-04T21:10:05.004] [TRACE] default - GET menu
[2022-08-04T21:10:05.015] [TRACE] default - GET twitch
[2022-08-04T21:10:58.022] [TRACE] default - GET translation
[2022-08-04T21:10:58.024] [TRACE] default - GET translation
[2022-08-04T21:10:58.039] [TRACE] default - GET menu
[2022-08-04T21:10:58.052] [TRACE] default - GET twitch
[2022-08-04T21:12:10.059] [TRACE] default - GET translation
[2022-08-04T21:12:10.061] [TRACE] default - GET translation
[2022-08-04T21:12:10.069] [TRACE] default - GET menu
[2022-08-04T21:12:10.082] [TRACE] default - GET twitch
[2022-08-04T21:12:36.522] [TRACE] default - GET translation
[2022-08-04T21:12:36.529] [TRACE] default - GET menu
[2022-08-04T21:12:36.540] [TRACE] default - GET twitch
[2022-08-04T21:14:36.087] [TRACE] default - twitch chat client initialized
[2022-08-04T21:14:36.177] [TRACE] default - basic model path: C:\Projects\SocialAdventure\model
[2022-08-04T21:14:36.177] [TRACE] default - basic migration path: C:\Projects\SocialAdventure\database\migrations
[2022-08-04T21:14:36.193] [TRACE] default - Execution Path: C:\Projects\SocialAdventure
[2022-08-04T21:14:36.196] [INFO] default - HTTP Server listening on port 80
[2022-08-04T21:14:36.981] [TRACE] default - add Migration update_001
[2022-08-04T21:14:37.968] [TRACE] default - add Node craffelmat
[2022-08-04T21:14:37.970] [TRACE] default - node connected: craffelmat
[2022-08-04T21:14:58.148] [TRACE] default - GET translation
[2022-08-04T21:14:58.159] [TRACE] default - GET menu
[2022-08-04T21:14:58.176] [TRACE] default - GET twitch
