::1 - - [17/Dec/2022:16:23:05 +0000] "GET /twitch?code=obyysirtv846iu2pw3jdadzsqw468t&scope=chat%3Aread+chat%3Aedit+user%3Aread%3Aemail+channel%3Aread%3Astream_key+moderation%3Aread&state=e4r88qw1slbs48lra HTTP/1.1" 200 2346 "-" "Mozilla/5.0 (Windows NT 10.0; Win64; x64; rv:108.0) Gecko/20100101 Firefox/108.0"
::1 - - [17/Dec/2022:16:23:05 +0000] "GET /jquery/jquery.min.js HTTP/1.1" 304 - "http://localhost/twitch?code=obyysirtv846iu2pw3jdadzsqw468t&scope=chat%3Aread+chat%3Aedit+user%3Aread%3Aemail+channel%3Aread%3Astream_key+moderation%3Aread&state=e4r88qw1slbs48lra" "Mozilla/5.0 (Windows NT 10.0; Win64; x64; rv:108.0) Gecko/20100101 Firefox/108.0"
::1 - - [17/Dec/2022:16:23:05 +0000] "GET /devExpress/js/dx.all.js HTTP/1.1" 304 - "http://localhost/twitch?code=obyysirtv846iu2pw3jdadzsqw468t&scope=chat%3Aread+chat%3Aedit+user%3Aread%3Aemail+channel%3Aread%3Astream_key+moderation%3Aread&state=e4r88qw1slbs48lra" "Mozilla/5.0 (Windows NT 10.0; Win64; x64; rv:108.0) Gecko/20100101 Firefox/108.0"
::1 - - [17/Dec/2022:16:23:05 +0000] "GET /devExpress/js/localization/dx.messages.de.js HTTP/1.1" 304 - "http://localhost/twitch?code=obyysirtv846iu2pw3jdadzsqw468t&scope=chat%3Aread+chat%3Aedit+user%3Aread%3Aemail+channel%3Aread%3Astream_key+moderation%3Aread&state=e4r88qw1slbs48lra" "Mozilla/5.0 (Windows NT 10.0; Win64; x64; rv:108.0) Gecko/20100101 Firefox/108.0"
::1 - - [17/Dec/2022:16:23:05 +0000] "POST /api/translation?language=de-DE HTTP/1.1" 200 5549 "http://localhost/twitch?code=obyysirtv846iu2pw3jdadzsqw468t&scope=chat%3Aread+chat%3Aedit+user%3Aread%3Aemail+channel%3Aread%3Astream_key+moderation%3Aread&state=e4r88qw1slbs48lra" "Mozilla/5.0 (Windows NT 10.0; Win64; x64; rv:108.0) Gecko/20100101 Firefox/108.0"
::1 - - [17/Dec/2022:16:23:05 +0000] "GET /api/translation/twitch?language=de-DE HTTP/1.1" 200 1838 "http://localhost/twitch?code=obyysirtv846iu2pw3jdadzsqw468t&scope=chat%3Aread+chat%3Aedit+user%3Aread%3Aemail+channel%3Aread%3Astream_key+moderation%3Aread&state=e4r88qw1slbs48lra" "Mozilla/5.0 (Windows NT 10.0; Win64; x64; rv:108.0) Gecko/20100101 Firefox/108.0"
::1 - - [17/Dec/2022:16:23:05 +0000] "GET /api/menu HTTP/1.1" 200 8710 "http://localhost/twitch?code=obyysirtv846iu2pw3jdadzsqw468t&scope=chat%3Aread+chat%3Aedit+user%3Aread%3Aemail+channel%3Aread%3Astream_key+moderation%3Aread&state=e4r88qw1slbs48lra" "Mozilla/5.0 (Windows NT 10.0; Win64; x64; rv:108.0) Gecko/20100101 Firefox/108.0"
::1 - - [17/Dec/2022:16:23:05 +0000] "GET /api/twitch/userdata HTTP/1.1" 204 - "http://localhost/twitch?code=obyysirtv846iu2pw3jdadzsqw468t&scope=chat%3Aread+chat%3Aedit+user%3Aread%3Aemail+channel%3Aread%3Astream_key+moderation%3Aread&state=e4r88qw1slbs48lra" "Mozilla/5.0 (Windows NT 10.0; Win64; x64; rv:108.0) Gecko/20100101 Firefox/108.0"
::1 - - [17/Dec/2022:16:23:05 +0000] "GET /api/twitch HTTP/1.1" 200 251 "http://localhost/twitch?code=obyysirtv846iu2pw3jdadzsqw468t&scope=chat%3Aread+chat%3Aedit+user%3Aread%3Aemail+channel%3Aread%3Astream_key+moderation%3Aread&state=e4r88qw1slbs48lra" "Mozilla/5.0 (Windows NT 10.0; Win64; x64; rv:108.0) Gecko/20100101 Firefox/108.0"
::1 - - [17/Dec/2022:16:23:05 +0000] "GET /api/translation/information?language=de-DE HTTP/1.1" 200 937 "http://localhost/twitch?code=obyysirtv846iu2pw3jdadzsqw468t&scope=chat%3Aread+chat%3Aedit+user%3Aread%3Aemail+channel%3Aread%3Astream_key+moderation%3Aread&state=e4r88qw1slbs48lra" "Mozilla/5.0 (Windows NT 10.0; Win64; x64; rv:108.0) Gecko/20100101 Firefox/108.0"
::1 - - [17/Dec/2022:16:23:05 +0000] "GET /api/node/default HTTP/1.1" 200 4 "http://localhost/twitch?code=obyysirtv846iu2pw3jdadzsqw468t&scope=chat%3Aread+chat%3Aedit+user%3Aread%3Aemail+channel%3Aread%3Astream_key+moderation%3Aread&state=e4r88qw1slbs48lra" "Mozilla/5.0 (Windows NT 10.0; Win64; x64; rv:108.0) Gecko/20100101 Firefox/108.0"
::1 - - [17/Dec/2022:16:23:05 +0000] "GET /api/twitch/userdata HTTP/1.1" 204 - "http://localhost/twitch?code=obyysirtv846iu2pw3jdadzsqw468t&scope=chat%3Aread+chat%3Aedit+user%3Aread%3Aemail+channel%3Aread%3Astream_key+moderation%3Aread&state=e4r88qw1slbs48lra" "Mozilla/5.0 (Windows NT 10.0; Win64; x64; rv:108.0) Gecko/20100101 Firefox/108.0"
::1 - - [17/Dec/2022:16:23:05 +0000] "GET /api/node/default HTTP/1.1" 304 - "http://localhost/twitch?code=obyysirtv846iu2pw3jdadzsqw468t&scope=chat%3Aread+chat%3Aedit+user%3Aread%3Aemail+channel%3Aread%3Astream_key+moderation%3Aread&state=e4r88qw1slbs48lra" "Mozilla/5.0 (Windows NT 10.0; Win64; x64; rv:108.0) Gecko/20100101 Firefox/108.0"
::1 - - [17/Dec/2022:16:23:10 +0000] "GET /twitch?code=bo3wqmxg9ooq2y2qi61azuob7dyw03&scope=chat%3Aread+chat%3Aedit+user%3Aread%3Aemail+channel%3Aread%3Astream_key+moderation%3Aread&state=e4r88q2bx4lbs5emym HTTP/1.1" 200 2348 "-" "Mozilla/5.0 (Windows NT 10.0; Win64; x64; rv:108.0) Gecko/20100101 Firefox/108.0"
::1 - - [17/Dec/2022:16:23:10 +0000] "GET /jquery/jquery.min.js HTTP/1.1" 304 - "http://localhost/twitch?code=bo3wqmxg9ooq2y2qi61azuob7dyw03&scope=chat%3Aread+chat%3Aedit+user%3Aread%3Aemail+channel%3Aread%3Astream_key+moderation%3Aread&state=e4r88q2bx4lbs5emym" "Mozilla/5.0 (Windows NT 10.0; Win64; x64; rv:108.0) Gecko/20100101 Firefox/108.0"
::1 - - [17/Dec/2022:16:23:10 +0000] "GET /devExpress/js/dx.all.js HTTP/1.1" 304 - "http://localhost/twitch?code=bo3wqmxg9ooq2y2qi61azuob7dyw03&scope=chat%3Aread+chat%3Aedit+user%3Aread%3Aemail+channel%3Aread%3Astream_key+moderation%3Aread&state=e4r88q2bx4lbs5emym" "Mozilla/5.0 (Windows NT 10.0; Win64; x64; rv:108.0) Gecko/20100101 Firefox/108.0"
::1 - - [17/Dec/2022:16:23:10 +0000] "GET /devExpress/js/localization/dx.messages.de.js HTTP/1.1" 304 - "http://localhost/twitch?code=bo3wqmxg9ooq2y2qi61azuob7dyw03&scope=chat%3Aread+chat%3Aedit+user%3Aread%3Aemail+channel%3Aread%3Astream_key+moderation%3Aread&state=e4r88q2bx4lbs5emym" "Mozilla/5.0 (Windows NT 10.0; Win64; x64; rv:108.0) Gecko/20100101 Firefox/108.0"
::1 - - [17/Dec/2022:16:23:10 +0000] "POST /api/translation?language=de-DE HTTP/1.1" 200 5549 "http://localhost/twitch?code=bo3wqmxg9ooq2y2qi61azuob7dyw03&scope=chat%3Aread+chat%3Aedit+user%3Aread%3Aemail+channel%3Aread%3Astream_key+moderation%3Aread&state=e4r88q2bx4lbs5emym" "Mozilla/5.0 (Windows NT 10.0; Win64; x64; rv:108.0) Gecko/20100101 Firefox/108.0"
::1 - - [17/Dec/2022:16:23:10 +0000] "GET /api/translation/twitch?language=de-DE HTTP/1.1" 304 - "http://localhost/twitch?code=bo3wqmxg9ooq2y2qi61azuob7dyw03&scope=chat%3Aread+chat%3Aedit+user%3Aread%3Aemail+channel%3Aread%3Astream_key+moderation%3Aread&state=e4r88q2bx4lbs5emym" "Mozilla/5.0 (Windows NT 10.0; Win64; x64; rv:108.0) Gecko/20100101 Firefox/108.0"
::1 - - [17/Dec/2022:16:23:10 +0000] "GET /api/menu HTTP/1.1" 200 10944 "http://localhost/twitch?code=bo3wqmxg9ooq2y2qi61azuob7dyw03&scope=chat%3Aread+chat%3Aedit+user%3Aread%3Aemail+channel%3Aread%3Astream_key+moderation%3Aread&state=e4r88q2bx4lbs5emym" "Mozilla/5.0 (Windows NT 10.0; Win64; x64; rv:108.0) Gecko/20100101 Firefox/108.0"
::1 - - [17/Dec/2022:16:23:10 +0000] "GET /api/twitch/userdata HTTP/1.1" 200 379 "http://localhost/twitch?code=bo3wqmxg9ooq2y2qi61azuob7dyw03&scope=chat%3Aread+chat%3Aedit+user%3Aread%3Aemail+channel%3Aread%3Astream_key+moderation%3Aread&state=e4r88q2bx4lbs5emym" "Mozilla/5.0 (Windows NT 10.0; Win64; x64; rv:108.0) Gecko/20100101 Firefox/108.0"
::1 - - [17/Dec/2022:16:23:10 +0000] "GET /api/twitch HTTP/1.1" 304 - "http://localhost/twitch?code=bo3wqmxg9ooq2y2qi61azuob7dyw03&scope=chat%3Aread+chat%3Aedit+user%3Aread%3Aemail+channel%3Aread%3Astream_key+moderation%3Aread&state=e4r88q2bx4lbs5emym" "Mozilla/5.0 (Windows NT 10.0; Win64; x64; rv:108.0) Gecko/20100101 Firefox/108.0"
::1 - - [17/Dec/2022:16:23:10 +0000] "GET /api/translation/information?language=de-DE HTTP/1.1" 304 - "http://localhost/twitch?code=bo3wqmxg9ooq2y2qi61azuob7dyw03&scope=chat%3Aread+chat%3Aedit+user%3Aread%3Aemail+channel%3Aread%3Astream_key+moderation%3Aread&state=e4r88q2bx4lbs5emym" "Mozilla/5.0 (Windows NT 10.0; Win64; x64; rv:108.0) Gecko/20100101 Firefox/108.0"
::1 - - [17/Dec/2022:16:23:10 +0000] "GET /api/node/default HTTP/1.1" 304 - "http://localhost/twitch?code=bo3wqmxg9ooq2y2qi61azuob7dyw03&scope=chat%3Aread+chat%3Aedit+user%3Aread%3Aemail+channel%3Aread%3Astream_key+moderation%3Aread&state=e4r88q2bx4lbs5emym" "Mozilla/5.0 (Windows NT 10.0; Win64; x64; rv:108.0) Gecko/20100101 Firefox/108.0"
::1 - - [17/Dec/2022:16:23:10 +0000] "GET /api/twitch/userdata HTTP/1.1" 304 - "http://localhost/twitch?code=bo3wqmxg9ooq2y2qi61azuob7dyw03&scope=chat%3Aread+chat%3Aedit+user%3Aread%3Aemail+channel%3Aread%3Astream_key+moderation%3Aread&state=e4r88q2bx4lbs5emym" "Mozilla/5.0 (Windows NT 10.0; Win64; x64; rv:108.0) Gecko/20100101 Firefox/108.0"
::1 - - [17/Dec/2022:16:23:10 +0000] "GET /api/node/default HTTP/1.1" 304 - "http://localhost/twitch?code=bo3wqmxg9ooq2y2qi61azuob7dyw03&scope=chat%3Aread+chat%3Aedit+user%3Aread%3Aemail+channel%3Aread%3Astream_key+moderation%3Aread&state=e4r88q2bx4lbs5emym" "Mozilla/5.0 (Windows NT 10.0; Win64; x64; rv:108.0) Gecko/20100101 Firefox/108.0"
::1 - - [17/Dec/2022:16:23:14 +0000] "POST /api/twitch/ HTTP/1.1" 200 - "http://localhost/twitch?code=bo3wqmxg9ooq2y2qi61azuob7dyw03&scope=chat%3Aread+chat%3Aedit+user%3Aread%3Aemail+channel%3Aread%3Astream_key+moderation%3Aread&state=e4r88q2bx4lbs5emym" "Mozilla/5.0 (Windows NT 10.0; Win64; x64; rv:108.0) Gecko/20100101 Firefox/108.0"
::1 - - [17/Dec/2022:16:23:14 +0000] "GET /streamer HTTP/1.1" 200 1596 "http://localhost/twitch?code=bo3wqmxg9ooq2y2qi61azuob7dyw03&scope=chat%3Aread+chat%3Aedit+user%3Aread%3Aemail+channel%3Aread%3Astream_key+moderation%3Aread&state=e4r88q2bx4lbs5emym" "Mozilla/5.0 (Windows NT 10.0; Win64; x64; rv:108.0) Gecko/20100101 Firefox/108.0"
::1 - - [17/Dec/2022:16:23:14 +0000] "GET /jquery/jquery.min.js HTTP/1.1" 304 - "http://localhost/streamer" "Mozilla/5.0 (Windows NT 10.0; Win64; x64; rv:108.0) Gecko/20100101 Firefox/108.0"
::1 - - [17/Dec/2022:16:23:14 +0000] "GET /devExpress/js/dx.all.js HTTP/1.1" 304 - "http://localhost/streamer" "Mozilla/5.0 (Windows NT 10.0; Win64; x64; rv:108.0) Gecko/20100101 Firefox/108.0"
::1 - - [17/Dec/2022:16:23:14 +0000] "GET /devExpress/js/localization/dx.messages.de.js HTTP/1.1" 304 - "http://localhost/streamer" "Mozilla/5.0 (Windows NT 10.0; Win64; x64; rv:108.0) Gecko/20100101 Firefox/108.0"
::1 - - [17/Dec/2022:16:23:15 +0000] "POST /api/translation?language=de-DE HTTP/1.1" 200 5549 "http://localhost/streamer" "Mozilla/5.0 (Windows NT 10.0; Win64; x64; rv:108.0) Gecko/20100101 Firefox/108.0"
::1 - - [17/Dec/2022:16:23:15 +0000] "GET /api/translation/streamer?language=de-DE HTTP/1.1" 200 1982 "http://localhost/streamer" "Mozilla/5.0 (Windows NT 10.0; Win64; x64; rv:108.0) Gecko/20100101 Firefox/108.0"
::1 - - [17/Dec/2022:16:23:15 +0000] "GET /api/menu HTTP/1.1" 304 - "http://localhost/streamer" "Mozilla/5.0 (Windows NT 10.0; Win64; x64; rv:108.0) Gecko/20100101 Firefox/108.0"
::1 - - [17/Dec/2022:16:23:15 +0000] "GET /api/twitch HTTP/1.1" 304 - "http://localhost/streamer" "Mozilla/5.0 (Windows NT 10.0; Win64; x64; rv:108.0) Gecko/20100101 Firefox/108.0"
::1 - - [17/Dec/2022:16:23:15 +0000] "GET /api/translation/information?language=de-DE HTTP/1.1" 304 - "http://localhost/streamer" "Mozilla/5.0 (Windows NT 10.0; Win64; x64; rv:108.0) Gecko/20100101 Firefox/108.0"
::1 - - [17/Dec/2022:16:23:15 +0000] "GET /api/twitch/userdata HTTP/1.1" 304 - "http://localhost/streamer" "Mozilla/5.0 (Windows NT 10.0; Win64; x64; rv:108.0) Gecko/20100101 Firefox/108.0"
::1 - - [17/Dec/2022:16:23:15 +0000] "GET /api/node/default HTTP/1.1" 200 233 "http://localhost/streamer" "Mozilla/5.0 (Windows NT 10.0; Win64; x64; rv:108.0) Gecko/20100101 Firefox/108.0"
::1 - - [17/Dec/2022:16:23:15 +0000] "GET /api/stateStorage/streamer HTTP/1.1" 200 176 "http://localhost/streamer" "Mozilla/5.0 (Windows NT 10.0; Win64; x64; rv:108.0) Gecko/20100101 Firefox/108.0"
::1 - - [17/Dec/2022:16:23:15 +0000] "GET /api/node/default HTTP/1.1" 304 - "http://localhost/streamer" "Mozilla/5.0 (Windows NT 10.0; Win64; x64; rv:108.0) Gecko/20100101 Firefox/108.0"
::1 - - [17/Dec/2022:16:23:15 +0000] "GET /api/node HTTP/1.1" 200 648 "http://localhost/streamer" "Mozilla/5.0 (Windows NT 10.0; Win64; x64; rv:108.0) Gecko/20100101 Firefox/108.0"
::1 - - [17/Dec/2022:16:23:18 +0000] "PUT /api/stateStorage HTTP/1.1" 201 1134 "http://localhost/streamer" "Mozilla/5.0 (Windows NT 10.0; Win64; x64; rv:108.0) Gecko/20100101 Firefox/108.0"
::1 - - [17/Dec/2022:16:25:19 +0000] "GET /api/ HTTP/1.1" 304 - "http://localhost/streamer" "Mozilla/5.0 (Windows NT 10.0; Win64; x64; rv:108.0) Gecko/20100101 Firefox/108.0"
::1 - - [17/Dec/2022:16:25:19 +0000] "GET /api/swagger-ui.css HTTP/1.1" 304 - "http://localhost/api/" "Mozilla/5.0 (Windows NT 10.0; Win64; x64; rv:108.0) Gecko/20100101 Firefox/108.0"
::1 - - [17/Dec/2022:16:25:19 +0000] "GET /api/swagger-ui-init.js HTTP/1.1" 304 - "http://localhost/api/" "Mozilla/5.0 (Windows NT 10.0; Win64; x64; rv:108.0) Gecko/20100101 Firefox/108.0"
::1 - - [17/Dec/2022:16:25:19 +0000] "GET /api/swagger-ui-bundle.js HTTP/1.1" 304 - "http://localhost/api/" "Mozilla/5.0 (Windows NT 10.0; Win64; x64; rv:108.0) Gecko/20100101 Firefox/108.0"
::1 - - [17/Dec/2022:16:25:19 +0000] "GET /api/swagger-ui-standalone-preset.js HTTP/1.1" 304 - "http://localhost/api/" "Mozilla/5.0 (Windows NT 10.0; Win64; x64; rv:108.0) Gecko/20100101 Firefox/108.0"
::1 - - [17/Dec/2022:16:25:19 +0000] "GET /api/favicon-32x32.png HTTP/1.1" - - "http://localhost/api/" "Mozilla/5.0 (Windows NT 10.0; Win64; x64; rv:108.0) Gecko/20100101 Firefox/108.0"
::1 - - [17/Dec/2022:16:26:13 +0000] "GET /api/raidboss/default/1?childs=true HTTP/1.1" 200 338 "http://localhost/api/" "Mozilla/5.0 (Windows NT 10.0; Win64; x64; rv:108.0) Gecko/20100101 Firefox/108.0"
::1 - - [17/Dec/2022:16:26:39 +0000] "PUT /api/raidboss/default HTTP/1.1" 201 345 "http://localhost/api/" "Mozilla/5.0 (Windows NT 10.0; Win64; x64; rv:108.0) Gecko/20100101 Firefox/108.0"
::1 - - [17/Dec/2022:16:26:45 +0000] "GET /api/raid/default/1?childs=true HTTP/1.1" 200 2 "http://localhost/api/" "Mozilla/5.0 (Windows NT 10.0; Win64; x64; rv:108.0) Gecko/20100101 Firefox/108.0"
::1 - - [17/Dec/2022:16:26:53 +0000] "GET /api/raidboss/default/1?childs=true HTTP/1.1" 200 335 "http://localhost/api/" "Mozilla/5.0 (Windows NT 10.0; Win64; x64; rv:108.0) Gecko/20100101 Firefox/108.0"
